<?xml version="1.0" encoding="UTF-8"?>
<!-- Generated by org.testng.reporters.JUnitXMLReporter -->
<testsuite hostname="DESKTOP-GH1H0ER" ignored="0" name="Testng" tests="10" failures="0" timestamp="2023-06-25T12:34:36 IDT" time="62.323" errors="0">
  <testcase name="open_account" time="4.291" classname="tests.AccountTest"/>
  <testcase name="filling_form" time="4.178" classname="tests.AccountTest"/>
  <testcase name="createNewEvent" time="11.651" classname="tests.NewEventTest"/>
  <testcase name="return_result" time="7.071" classname="tests.ViewMyFormsFilterTest"/>
  <testcase name="open_searchall" time="4.583" classname="tests.SearchAllTest"/>
  <testcase name="search_result" time="3.609" classname="tests.SearchAllTest"/>
  <testcase name="login_failure" time="1.002" classname="tests.LoginTest"/>
  <testcase name="login_success" time="1.965" classname="tests.LoginTest"/>
  <testcase name="forgotPassword_click" time="0.765" classname="tests.ForgotPasswordTest"/>
  <testcase name="Instructions" time="0.535" classname="tests.ForgotPasswordTest"/>
</testsuite> <!-- Testng -->
