<?xml version="1.0" encoding="UTF-8"?>
<testsuite xmlns:xsi="http://www.w3.org/2001/XMLSchema-instance" xsi:noNamespaceSchemaLocation="https://maven.apache.org/surefire/maven-surefire-plugin/xsd/surefire-test-report-3.0.xsd" version="3.0" name="TestSuite" time="63.157" tests="10" errors="0" skipped="0" failures="0">
  <properties>
[...]
</properties>
  <testcase name="open_account" classname="tests.AccountTest" time="4.29"/>
  <testcase name="filling_form" classname="tests.AccountTest" time="4.177"/>
  <testcase name="createNewEvent" classname="tests.NewEventTest" time="11.65"/>
  <testcase name="return_result" classname="tests.ViewMyFormsFilterTest" time="7.072"/>
  <testcase name="open_searchall" classname="tests.SearchAllTest" time="4.584"/>
  <testcase name="search_result" classname="tests.SearchAllTest" time="3.609"/>
  <testcase name="login_failure" classname="tests.LoginTest" time="1.002"/>
  <testcase name="login_success" classname="tests.LoginTest" time="1.965"/>
  <testcase name="forgotPassword_click" classname="tests.ForgotPasswordTest" time="0.764"/>
  <testcase name="Instructions" classname="tests.ForgotPasswordTest" time="0.536"/>
</testsuite>