<?xml version="1.0" encoding="UTF-8"?>
<testng-results skipped="0" failed="0" ignored="0" total="10" passed="10">
  <reporter-output>
  </reporter-output>
  <suite name="Suite" duration-ms="62323" started-at="2023-06-25T12:33:34 IDT" finished-at="2023-06-25T12:34:36 IDT">
    <groups>
    </groups>
    <test name="Testng" duration-ms="62323" started-at="2023-06-25T12:33:34 IDT" finished-at="2023-06-25T12:34:36 IDT">
      <class name="tests.LoginTest">
        <test-method status="PASS" signature="setup()[pri:0, instance:tests.LoginTest@37374a5e]" name="setup" is-config="true" duration-ms="2285" started-at="2023-06-25T12:34:26 IDT" finished-at="2023-06-25T12:34:28 IDT">
          <reporter-output>
          </reporter-output>
        </test-method> <!-- setup -->
        <test-method status="PASS" signature="login_failure()[pri:0, instance:tests.LoginTest@37374a5e]" name="login_failure" duration-ms="1002" started-at="2023-06-25T12:34:28 IDT" description="Test enetering login page and enter incorrect info" finished-at="2023-06-25T12:34:29 IDT">
          <reporter-output>
          </reporter-output>
        </test-method> <!-- login_failure -->
        <test-method status="PASS" signature="login_success()[pri:0, instance:tests.LoginTest@37374a5e]" name="login_success" duration-ms="1965" started-at="2023-06-25T12:34:29 IDT" description="Test enetering login page and enter correct info" finished-at="2023-06-25T12:34:31 IDT">
          <reporter-output>
          </reporter-output>
        </test-method> <!-- login_success -->
        <test-method status="PASS" signature="tearDown()[pri:0, instance:tests.LoginTest@37374a5e]" name="tearDown" is-config="true" duration-ms="637" started-at="2023-06-25T12:34:31 IDT" finished-at="2023-06-25T12:34:32 IDT">
          <reporter-output>
          </reporter-output>
        </test-method> <!-- tearDown -->
      </class> <!-- tests.LoginTest -->
      <class name="tests.SearchAllTest">
        <test-method status="PASS" signature="setup()[pri:0, instance:tests.SearchAllTest@66d1af89]" name="setup" is-config="true" duration-ms="2996" started-at="2023-06-25T12:34:14 IDT" finished-at="2023-06-25T12:34:17 IDT">
          <reporter-output>
          </reporter-output>
        </test-method> <!-- setup -->
        <test-method status="PASS" signature="open_searchall()[pri:0, instance:tests.SearchAllTest@66d1af89]" name="open_searchall" duration-ms="4583" started-at="2023-06-25T12:34:17 IDT" description="Test opening Search All page" finished-at="2023-06-25T12:34:22 IDT">
          <reporter-output>
          </reporter-output>
        </test-method> <!-- open_searchall -->
        <test-method status="PASS" signature="search_result()[pri:0, instance:tests.SearchAllTest@66d1af89]" name="search_result" duration-ms="3609" started-at="2023-06-25T12:34:22 IDT" description="Test searching results message" finished-at="2023-06-25T12:34:25 IDT">
          <reporter-output>
          </reporter-output>
        </test-method> <!-- search_result -->
        <test-method status="PASS" signature="tearDown()[pri:0, instance:tests.SearchAllTest@66d1af89]" name="tearDown" is-config="true" duration-ms="690" started-at="2023-06-25T12:34:25 IDT" finished-at="2023-06-25T12:34:26 IDT">
          <reporter-output>
          </reporter-output>
        </test-method> <!-- tearDown -->
      </class> <!-- tests.SearchAllTest -->
      <class name="tests.AccountTest">
        <test-method status="PASS" signature="setup()[pri:0, instance:tests.AccountTest@4d3167f4]" name="setup" is-config="true" duration-ms="5853" started-at="2023-06-25T12:33:34 IDT" finished-at="2023-06-25T12:33:40 IDT">
          <reporter-output>
          </reporter-output>
        </test-method> <!-- setup -->
        <test-method status="PASS" signature="open_account()[pri:1, instance:tests.AccountTest@4d3167f4]" name="open_account" duration-ms="4291" started-at="2023-06-25T12:33:40 IDT" description="Test opening account page from search all page" finished-at="2023-06-25T12:33:44 IDT">
          <reporter-output>
          </reporter-output>
        </test-method> <!-- open_account -->
        <test-method status="PASS" signature="filling_form()[pri:2, instance:tests.AccountTest@4d3167f4]" name="filling_form" duration-ms="4178" started-at="2023-06-25T12:33:44 IDT" description="Test filling information and saving form" finished-at="2023-06-25T12:33:48 IDT">
          <reporter-output>
          </reporter-output>
        </test-method> <!-- filling_form -->
        <test-method status="PASS" signature="tearDown()[pri:0, instance:tests.AccountTest@4d3167f4]" name="tearDown" is-config="true" duration-ms="749" started-at="2023-06-25T12:33:48 IDT" finished-at="2023-06-25T12:33:49 IDT">
          <reporter-output>
          </reporter-output>
        </test-method> <!-- tearDown -->
      </class> <!-- tests.AccountTest -->
      <class name="tests.NewEventTest">
        <test-method status="PASS" signature="setup()[pri:0, instance:tests.NewEventTest@757942a1]" name="setup" is-config="true" duration-ms="2926" started-at="2023-06-25T12:33:49 IDT" finished-at="2023-06-25T12:33:52 IDT">
          <reporter-output>
          </reporter-output>
        </test-method> <!-- setup -->
        <test-method status="PASS" signature="createNewEvent()[pri:0, instance:tests.NewEventTest@757942a1]" name="createNewEvent" duration-ms="11651" started-at="2023-06-25T12:33:52 IDT" finished-at="2023-06-25T12:34:04 IDT">
          <reporter-output>
          </reporter-output>
        </test-method> <!-- createNewEvent -->
        <test-method status="PASS" signature="tearDown()[pri:0, instance:tests.NewEventTest@757942a1]" name="tearDown" is-config="true" duration-ms="675" started-at="2023-06-25T12:34:04 IDT" finished-at="2023-06-25T12:34:04 IDT">
          <reporter-output>
          </reporter-output>
        </test-method> <!-- tearDown -->
      </class> <!-- tests.NewEventTest -->
      <class name="tests.ViewMyFormsFilterTest">
        <test-method status="PASS" signature="setup()[pri:0, instance:tests.ViewMyFormsFilterTest@4a87761d]" name="setup" is-config="true" duration-ms="2139" started-at="2023-06-25T12:34:04 IDT" finished-at="2023-06-25T12:34:06 IDT">
          <reporter-output>
          </reporter-output>
        </test-method> <!-- setup -->
        <test-method status="PASS" signature="return_result()[pri:0, instance:tests.ViewMyFormsFilterTest@4a87761d]" name="return_result" duration-ms="7071" started-at="2023-06-25T12:34:06 IDT" description="Test choosing from dropdown filter and returning number of results" finished-at="2023-06-25T12:34:13 IDT">
          <reporter-output>
          </reporter-output>
        </test-method> <!-- return_result -->
        <test-method status="PASS" signature="tearDown()[pri:0, instance:tests.ViewMyFormsFilterTest@4a87761d]" name="tearDown" is-config="true" duration-ms="703" started-at="2023-06-25T12:34:13 IDT" finished-at="2023-06-25T12:34:14 IDT">
          <reporter-output>
          </reporter-output>
        </test-method> <!-- tearDown -->
      </class> <!-- tests.ViewMyFormsFilterTest -->
      <class name="tests.ForgotPasswordTest">
        <test-method status="PASS" signature="setup()[pri:0, instance:tests.ForgotPasswordTest@4671e53b]" name="setup" is-config="true" duration-ms="2246" started-at="2023-06-25T12:34:32 IDT" finished-at="2023-06-25T12:34:34 IDT">
          <reporter-output>
          </reporter-output>
        </test-method> <!-- setup -->
        <test-method status="PASS" signature="forgotPassword_click()[pri:0, instance:tests.ForgotPasswordTest@4671e53b]" name="forgotPassword_click" duration-ms="765" started-at="2023-06-25T12:34:34 IDT" description="Test clicking and entering forgot your password page" finished-at="2023-06-25T12:34:35 IDT">
          <reporter-output>
          </reporter-output>
        </test-method> <!-- forgotPassword_click -->
        <test-method status="PASS" signature="Instructions()[pri:2, instance:tests.ForgotPasswordTest@4671e53b]" name="Instructions" duration-ms="535" started-at="2023-06-25T12:34:35 IDT" description="Test entering username and clicking submit" finished-at="2023-06-25T12:34:35 IDT">
          <reporter-output>
          </reporter-output>
        </test-method> <!-- Instructions -->
        <test-method status="PASS" signature="tearDown()[pri:0, instance:tests.ForgotPasswordTest@4671e53b]" name="tearDown" is-config="true" duration-ms="674" started-at="2023-06-25T12:34:35 IDT" finished-at="2023-06-25T12:34:36 IDT">
          <reporter-output>
          </reporter-output>
        </test-method> <!-- tearDown -->
      </class> <!-- tests.ForgotPasswordTest -->
    </test> <!-- Testng -->
  </suite> <!-- Suite -->
</testng-results>
